C51 COMPILER V6.12  ADC0809                                                                01/01/2011 20:06:51 PAGE 1   


C51 COMPILER V6.12, COMPILATION OF MODULE ADC0809
OBJECT MODULE PLACED IN .\ADC0809.OBJ
COMPILER INVOKED BY: C:\Keil\C51\BIN\C51.EXE .\ADC0809.c DEBUG OBJECTEXTEND

stmt level    source

   1          #include <reg52.h>
   2          
   3          sbit ST=P0^0;
   4          sbit EOC=P0^1;
   5          sbit OE=P0^2;
   6          sbit AD_CLK=P0^3;
   7          
   8          sbit Feng=P2^3;
   9          uchar k=0x00;
  10          //ADC0809读取信息
  11          uchar ADC0809()
  12          {
  13   1      	uchar temp_=0x00;
  14   1      	//初始化高阻太
  15   1      	OE=0;
  16   1      	//转化初始化
  17   1      	ST=0;
  18   1      	//开始转换
  19   1      	ST=1;
  20   1      	ST=0;
  21   1      	//外部中断等待AD转换结束
  22   1      	Feng=0;
  23   1      	while(EOC==0)
  24   1      	Feng=1;
  25   1      	OE=1;
  26   1      	//temp_=AD_data;
  27   1      	OE=0;
  28   1      	return temp_;
  29   1      }
  30          void main()
  31          {
  32   1      	while(1)
  33   1      	{
  34   2      		ADC0809();
  35   2      	}
  36   1      }


MODULE INFORMATION:   STATIC OVERLAYABLE
   CODE SIZE        =     29    ----
   CONSTANT SIZE    =   ----    ----
   XDATA SIZE       =   ----    ----
   PDATA SIZE       =   ----    ----
   DATA SIZE        =      1    ----
   IDATA SIZE       =   ----    ----
   BIT SIZE         =   ----    ----
END OF MODULE INFORMATION.


C51 COMPILATION COMPLETE.  0 WARNING(S),  0 ERROR(S)
